1670225329551	geckodriver	INFO	Listening on 127.0.0.1:65419
1670225330074	mozrunner::runner	INFO	Running command: "/Applications/Firefox.app/Contents/MacOS/firefox-bin" "--marionette" "--remote-debugging-port" "65420" "--remote-allow-hosts" "localhost" "-foreground" "-no-remote" "-profile" "/var/folders/j2/ks22w19x07x0nf1nr6lvv_wh0000gp/T/rust_mozprofilevaidI0"
1670225331586	Marionette	INFO	Marionette enabled
2022-12-05 15:28:51.714 plugin-container[12601:15043457] nil host used in call to allowsSpecificHTTPSCertificateForHost
2022-12-05 15:28:51.714 plugin-container[12601:15043457] nil host used in call to allowsAnyHTTPSCertificateForHost:
2022-12-05 15:28:51.719 plugin-container[12601:15043457] nil host used in call to allowsSpecificHTTPSCertificateForHost
2022-12-05 15:28:51.719 plugin-container[12601:15043457] nil host used in call to allowsAnyHTTPSCertificateForHost:
2022-12-05 15:28:51.720 plugin-container[12601:15043485] nil host used in call to allowsSpecificHTTPSCertificateForHost
2022-12-05 15:28:51.720 plugin-container[12601:15043485] nil host used in call to allowsAnyHTTPSCertificateForHost:
1670225331780	Marionette	INFO	Listening on port 65425
Read port: 65425
WebDriver BiDi listening on ws://127.0.0.1:65420
1670225331936	RemoteAgent	WARN	TLS certificate errors will be ignored for this session
console.warn: SearchSettings: "get: No settings file exists, new profile?" (new NotFoundError("Could not open the file at /var/folders/j2/ks22w19x07x0nf1nr6lvv_wh0000gp/T/rust_mozprofilevaidI0/search.json.mozlz4", (void 0)))
DevTools listening on ws://127.0.0.1:65420/devtools/browser/29428177-a8a6-439e-b75c-18b4f9634486
JavaScript error: resource://gre/modules/URIFixup.sys.mjs, line 304: NS_ERROR_FAILURE: Should pass a non-null uri
console.warn: LoginRecipes: "Falling back to a synchronous message for: http://frontend-insurance-platform.turboradio.cn."
1670225342196	Marionette	INFO	Stopped listening on port 65425
1670227214404	geckodriver	INFO	Listening on 127.0.0.1:49766
1670227214411	mozrunner::runner	INFO	Running command: "/Applications/Firefox.app/Contents/MacOS/firefox-bin" "--marionette" "--remote-debugging-port" "49767" "--remote-allow-hosts" "localhost" "-foreground" "-no-remote" "-profile" "/var/folders/j2/ks22w19x07x0nf1nr6lvv_wh0000gp/T/rust_mozprofilei9Ey1h"
1670227215298	Marionette	INFO	Marionette enabled
2022-12-05 16:00:15.339 plugin-container[12758:15054699] nil host used in call to allowsSpecificHTTPSCertificateForHost
2022-12-05 16:00:15.339 plugin-container[12758:15054699] nil host used in call to allowsAnyHTTPSCertificateForHost:
2022-12-05 16:00:15.382 plugin-container[12758:15054699] nil host used in call to allowsSpecificHTTPSCertificateForHost
2022-12-05 16:00:15.383 plugin-container[12758:15054699] nil host used in call to allowsAnyHTTPSCertificateForHost:
2022-12-05 16:00:15.383 plugin-container[12758:15054702] nil host used in call to allowsSpecificHTTPSCertificateForHost
2022-12-05 16:00:15.383 plugin-container[12758:15054702] nil host used in call to allowsAnyHTTPSCertificateForHost:
1670227215462	Marionette	INFO	Listening on port 49770
Read port: 49770
WebDriver BiDi listening on ws://127.0.0.1:49767
2022-12-05 16:00:15.652 firefox-bin[12757:15054621] _TIPropertyValueIsValid called with 4 on nil context!
2022-12-05 16:00:15.652 firefox-bin[12757:15054621] imkxpc_getApplicationProperty:reply: called with incorrect property value 4, bailing.
2022-12-05 16:00:15.652 firefox-bin[12757:15054621] Text input context does not respond to _valueForTIProperty:
2022-12-05 16:00:15.653 firefox-bin[12757:15054621] _TIPropertyValueIsValid called with 4 on nil context!
2022-12-05 16:00:15.653 firefox-bin[12757:15054621] imkxpc_getApplicationProperty:reply: called with incorrect property value 4, bailing.
2022-12-05 16:00:15.653 firefox-bin[12757:15054621] Text input context does not respond to _valueForTIProperty:
2022-12-05 16:00:15.666 firefox-bin[12757:15054621] _TIPropertyValueIsValid called with 4 on nil context!
2022-12-05 16:00:15.666 firefox-bin[12757:15054621] imkxpc_getApplicationProperty:reply: called with incorrect property value 4, bailing.
2022-12-05 16:00:15.666 firefox-bin[12757:15054621] Text input context does not respond to _valueForTIProperty:
1670227215671	RemoteAgent	WARN	TLS certificate errors will be ignored for this session
console.warn: SearchSettings: "get: No settings file exists, new profile?" (new NotFoundError("Could not open the file at /var/folders/j2/ks22w19x07x0nf1nr6lvv_wh0000gp/T/rust_mozprofilei9Ey1h/search.json.mozlz4", (void 0)))
DevTools listening on ws://127.0.0.1:49767/devtools/browser/39dda602-b7ea-42a0-8137-006ff224ad24
JavaScript error: resource://gre/modules/URIFixup.sys.mjs, line 304: NS_ERROR_FAILURE: Should pass a non-null uri
console.warn: LoginRecipes: "Falling back to a synchronous message for: http://frontend-insurance-platform.turboradio.cn."
1670227226016	Marionette	INFO	Stopped listening on port 49770
1670227359287	geckodriver	INFO	Listening on 127.0.0.1:49905
1670227359799	mozrunner::runner	INFO	Running command: "/Applications/Firefox.app/Contents/MacOS/firefox-bin" "--marionette" "--remote-debugging-port" "49906" "--remote-allow-hosts" "localhost" "-foreground" "-no-remote" "-profile" "/var/folders/j2/ks22w19x07x0nf1nr6lvv_wh0000gp/T/rust_mozprofileBzyHQ9"
1670227360694	Marionette	INFO	Marionette enabled
2022-12-05 16:02:40.741 plugin-container[12787:15056387] nil host used in call to allowsSpecificHTTPSCertificateForHost
2022-12-05 16:02:40.741 plugin-container[12787:15056387] nil host used in call to allowsAnyHTTPSCertificateForHost:
2022-12-05 16:02:40.766 plugin-container[12787:15056387] nil host used in call to allowsSpecificHTTPSCertificateForHost
2022-12-05 16:02:40.766 plugin-container[12787:15056387] nil host used in call to allowsAnyHTTPSCertificateForHost:
2022-12-05 16:02:40.766 plugin-container[12787:15056415] nil host used in call to allowsSpecificHTTPSCertificateForHost
2022-12-05 16:02:40.766 plugin-container[12787:15056415] nil host used in call to allowsAnyHTTPSCertificateForHost:
1670227360851	Marionette	INFO	Listening on port 49912
Read port: 49912
WebDriver BiDi listening on ws://127.0.0.1:49906
1670227361022	RemoteAgent	WARN	TLS certificate errors will be ignored for this session
console.warn: SearchSettings: "get: No settings file exists, new profile?" (new NotFoundError("Could not open the file at /var/folders/j2/ks22w19x07x0nf1nr6lvv_wh0000gp/T/rust_mozprofileBzyHQ9/search.json.mozlz4", (void 0)))
DevTools listening on ws://127.0.0.1:49906/devtools/browser/33de1d0e-d1ce-40d8-af64-c5b2f5a1e55f
JavaScript error: resource://gre/modules/URIFixup.sys.mjs, line 304: NS_ERROR_FAILURE: Should pass a non-null uri
console.warn: LoginRecipes: "Falling back to a synchronous message for: http://frontend-insurance-platform.turboradio.cn."
1670227370994	Marionette	INFO	Stopped listening on port 49912
1670228099528	geckodriver	INFO	Listening on 127.0.0.1:50341
1670228099536	mozrunner::runner	INFO	Running command: "/Applications/Firefox.app/Contents/MacOS/firefox-bin" "--marionette" "--remote-debugging-port" "50342" "--remote-allow-hosts" "localhost" "-foreground" "-no-remote" "-profile" "/var/folders/j2/ks22w19x07x0nf1nr6lvv_wh0000gp/T/rust_mozprofileLBjYxh"
1670228100387	Marionette	INFO	Marionette enabled
2022-12-05 16:15:00.432 plugin-container[12957:15064104] nil host used in call to allowsSpecificHTTPSCertificateForHost
2022-12-05 16:15:00.432 plugin-container[12957:15064104] nil host used in call to allowsAnyHTTPSCertificateForHost:
1670228100480	Marionette	INFO	Listening on port 50345
2022-12-05 16:15:00.514 plugin-container[12957:15064104] nil host used in call to allowsSpecificHTTPSCertificateForHost
2022-12-05 16:15:00.514 plugin-container[12957:15064104] nil host used in call to allowsAnyHTTPSCertificateForHost:
2022-12-05 16:15:00.515 plugin-container[12957:15064134] nil host used in call to allowsSpecificHTTPSCertificateForHost
2022-12-05 16:15:00.515 plugin-container[12957:15064134] nil host used in call to allowsAnyHTTPSCertificateForHost:
Read port: 50345
WebDriver BiDi listening on ws://127.0.0.1:50342
1670228100706	RemoteAgent	WARN	TLS certificate errors will be ignored for this session
2022-12-05 16:15:00.914 firefox-bin[12955:15064007] _TIPropertyValueIsValid called with 4 on nil context!
2022-12-05 16:15:00.914 firefox-bin[12955:15064007] imkxpc_getApplicationProperty:reply: called with incorrect property value 4, bailing.
2022-12-05 16:15:00.914 firefox-bin[12955:15064007] Text input context does not respond to _valueForTIProperty:
2022-12-05 16:15:00.941 firefox-bin[12955:15064007] _TIPropertyValueIsValid called with 4 on nil context!
2022-12-05 16:15:00.941 firefox-bin[12955:15064007] imkxpc_getApplicationProperty:reply: called with incorrect property value 4, bailing.
2022-12-05 16:15:00.941 firefox-bin[12955:15064007] Text input context does not respond to _valueForTIProperty:
2022-12-05 16:15:00.952 firefox-bin[12955:15064007] _TIPropertyValueIsValid called with 4 on nil context!
2022-12-05 16:15:00.952 firefox-bin[12955:15064007] imkxpc_getApplicationProperty:reply: called with incorrect property value 4, bailing.
2022-12-05 16:15:00.952 firefox-bin[12955:15064007] Text input context does not respond to _valueForTIProperty:
console.warn: SearchSettings: "get: No settings file exists, new profile?" (new NotFoundError("Could not open the file at /var/folders/j2/ks22w19x07x0nf1nr6lvv_wh0000gp/T/rust_mozprofileLBjYxh/search.json.mozlz4", (void 0)))
DevTools listening on ws://127.0.0.1:50342/devtools/browser/9c6dc502-0b96-4c78-b985-500144204838
JavaScript error: resource://gre/modules/URIFixup.sys.mjs, line 304: NS_ERROR_FAILURE: Should pass a non-null uri
console.warn: LoginRecipes: "Falling back to a synchronous message for: http://frontend-insurance-platform.turboradio.cn."
1670228111152	Marionette	INFO	Stopped listening on port 50345
1670234043825	geckodriver	INFO	Listening on 127.0.0.1:52818
1670234043835	mozrunner::runner	INFO	Running command: "/Applications/Firefox.app/Contents/MacOS/firefox-bin" "--marionette" "--remote-debugging-port" "52819" "--remote-allow-hosts" "localhost" "-foreground" "-no-remote" "-profile" "/var/folders/j2/ks22w19x07x0nf1nr6lvv_wh0000gp/T/rust_mozprofilevMVYTC"
2022-12-05 17:54:04.644 plugin-container[13936:15110207] nil host used in call to allowsSpecificHTTPSCertificateForHost
2022-12-05 17:54:04.644 plugin-container[13936:15110207] nil host used in call to allowsAnyHTTPSCertificateForHost:
2022-12-05 17:54:04.658 plugin-container[13936:15110207] nil host used in call to allowsSpecificHTTPSCertificateForHost
2022-12-05 17:54:04.658 plugin-container[13936:15110207] nil host used in call to allowsAnyHTTPSCertificateForHost:
2022-12-05 17:54:04.658 plugin-container[13936:15110204] nil host used in call to allowsSpecificHTTPSCertificateForHost
2022-12-05 17:54:04.658 plugin-container[13936:15110204] nil host used in call to allowsAnyHTTPSCertificateForHost:
1670234044753	Marionette	INFO	Marionette enabled
1670234044932	Marionette	INFO	Listening on port 52822
Read port: 52822
WebDriver BiDi listening on ws://127.0.0.1:52819
1670234045084	RemoteAgent	WARN	TLS certificate errors will be ignored for this session
console.warn: SearchSettings: "get: No settings file exists, new profile?" (new NotFoundError("Could not open the file at /var/folders/j2/ks22w19x07x0nf1nr6lvv_wh0000gp/T/rust_mozprofilevMVYTC/search.json.mozlz4", (void 0)))
DevTools listening on ws://127.0.0.1:52819/devtools/browser/00d0066c-4324-403a-858d-61dd8f64dc65
JavaScript error: resource://gre/modules/URIFixup.sys.mjs, line 304: NS_ERROR_FAILURE: Should pass a non-null uri
console.warn: LoginRecipes: "Falling back to a synchronous message for: http://frontend-insurance-platform.turboradio.cn."
1670234055183	Marionette	INFO	Stopped listening on port 52822
1670234514640	geckodriver	INFO	Listening on 127.0.0.1:52995
1670234514645	mozrunner::runner	INFO	Running command: "/Applications/Firefox.app/Contents/MacOS/firefox-bin" "--marionette" "--remote-debugging-port" "52996" "--remote-allow-hosts" "localhost" "-foreground" "-no-remote" "-profile" "/var/folders/j2/ks22w19x07x0nf1nr6lvv_wh0000gp/T/rust_mozprofilecGRSja"
1670234515661	Marionette	INFO	Marionette enabled
2022-12-05 18:01:55.696 plugin-container[14017:15114102] nil host used in call to allowsSpecificHTTPSCertificateForHost
2022-12-05 18:01:55.697 plugin-container[14017:15114102] nil host used in call to allowsAnyHTTPSCertificateForHost:
1670234515759	Marionette	INFO	Listening on port 52999
Read port: 52999
2022-12-05 18:01:55.815 plugin-container[14017:15114102] nil host used in call to allowsSpecificHTTPSCertificateForHost
2022-12-05 18:01:55.815 plugin-container[14017:15114102] nil host used in call to allowsAnyHTTPSCertificateForHost:
2022-12-05 18:01:55.815 plugin-container[14017:15114104] nil host used in call to allowsSpecificHTTPSCertificateForHost
2022-12-05 18:01:55.815 plugin-container[14017:15114104] nil host used in call to allowsAnyHTTPSCertificateForHost:
2022-12-05 18:01:55.949 firefox-bin[14015:15114003] _TIPropertyValueIsValid called with 4 on nil context!
2022-12-05 18:01:55.949 firefox-bin[14015:15114003] imkxpc_getApplicationProperty:reply: called with incorrect property value 4, bailing.
2022-12-05 18:01:55.949 firefox-bin[14015:15114003] Text input context does not respond to _valueForTIProperty:
2022-12-05 18:01:55.950 firefox-bin[14015:15114003] _TIPropertyValueIsValid called with 4 on nil context!
2022-12-05 18:01:55.950 firefox-bin[14015:15114003] imkxpc_getApplicationProperty:reply: called with incorrect property value 4, bailing.
2022-12-05 18:01:55.950 firefox-bin[14015:15114003] Text input context does not respond to _valueForTIProperty:
WebDriver BiDi listening on ws://127.0.0.1:52996
2022-12-05 18:01:55.964 firefox-bin[14015:15114003] _TIPropertyValueIsValid called with 4 on nil context!
2022-12-05 18:01:55.964 firefox-bin[14015:15114003] imkxpc_getApplicationProperty:reply: called with incorrect property value 4, bailing.
2022-12-05 18:01:55.964 firefox-bin[14015:15114003] Text input context does not respond to _valueForTIProperty:
1670234516028	RemoteAgent	WARN	TLS certificate errors will be ignored for this session
console.warn: SearchSettings: "get: No settings file exists, new profile?" (new NotFoundError("Could not open the file at /var/folders/j2/ks22w19x07x0nf1nr6lvv_wh0000gp/T/rust_mozprofilecGRSja/search.json.mozlz4", (void 0)))
DevTools listening on ws://127.0.0.1:52996/devtools/browser/ffeac03c-9cac-4e6f-98cc-0f4970bcf488
JavaScript error: resource://gre/modules/URIFixup.sys.mjs, line 304: NS_ERROR_FAILURE: Should pass a non-null uri
console.warn: LoginRecipes: "Falling back to a synchronous message for: http://frontend-insurance-platform.turboradio.cn."
1670234526736	Marionette	INFO	Stopped listening on port 52999
1670234763130	geckodriver	INFO	Listening on 127.0.0.1:53114
1670234763136	mozrunner::runner	INFO	Running command: "/Applications/Firefox.app/Contents/MacOS/firefox-bin" "--marionette" "--remote-debugging-port" "53115" "--remote-allow-hosts" "localhost" "-foreground" "-no-remote" "-profile" "/var/folders/j2/ks22w19x07x0nf1nr6lvv_wh0000gp/T/rust_mozprofileIBCUKQ"
1670234763958	Marionette	INFO	Marionette enabled
2022-12-05 18:06:03.996 plugin-container[14073:15116366] nil host used in call to allowsSpecificHTTPSCertificateForHost
2022-12-05 18:06:03.996 plugin-container[14073:15116366] nil host used in call to allowsAnyHTTPSCertificateForHost:
1670234764049	Marionette	INFO	Listening on port 53118
Read port: 53118
2022-12-05 18:06:04.080 plugin-container[14073:15116366] nil host used in call to allowsSpecificHTTPSCertificateForHost
2022-12-05 18:06:04.080 plugin-container[14073:15116366] nil host used in call to allowsAnyHTTPSCertificateForHost:
2022-12-05 18:06:04.080 plugin-container[14073:15116397] nil host used in call to allowsSpecificHTTPSCertificateForHost
2022-12-05 18:06:04.080 plugin-container[14073:15116397] nil host used in call to allowsAnyHTTPSCertificateForHost:
WebDriver BiDi listening on ws://127.0.0.1:53115
1670234764308	RemoteAgent	WARN	TLS certificate errors will be ignored for this session
console.warn: SearchSettings: "get: No settings file exists, new profile?" (new NotFoundError("Could not open the file at /var/folders/j2/ks22w19x07x0nf1nr6lvv_wh0000gp/T/rust_mozprofileIBCUKQ/search.json.mozlz4", (void 0)))
DevTools listening on ws://127.0.0.1:53115/devtools/browser/ef6d6e31-0997-42e8-87e6-e3ef0149914e
JavaScript error: resource://gre/modules/URIFixup.sys.mjs, line 304: NS_ERROR_FAILURE: Should pass a non-null uri
console.warn: LoginRecipes: "Falling back to a synchronous message for: http://frontend-insurance-platform.turboradio.cn."
1670234774366	Marionette	INFO	Stopped listening on port 53118
1670234880721	geckodriver	INFO	Listening on 127.0.0.1:53190
1670234880733	mozrunner::runner	INFO	Running command: "/Applications/Firefox.app/Contents/MacOS/firefox-bin" "--marionette" "--remote-debugging-port" "53191" "--remote-allow-hosts" "localhost" "-foreground" "-no-remote" "-profile" "/var/folders/j2/ks22w19x07x0nf1nr6lvv_wh0000gp/T/rust_mozprofileL9U16D"
1670234881418	Marionette	INFO	Marionette enabled
2022-12-05 18:08:01.451 plugin-container[14120:15117897] nil host used in call to allowsSpecificHTTPSCertificateForHost
2022-12-05 18:08:01.451 plugin-container[14120:15117897] nil host used in call to allowsAnyHTTPSCertificateForHost:
1670234881509	Marionette	INFO	Listening on port 53194
2022-12-05 18:08:01.537 plugin-container[14120:15117897] nil host used in call to allowsSpecificHTTPSCertificateForHost
2022-12-05 18:08:01.537 plugin-container[14120:15117897] nil host used in call to allowsAnyHTTPSCertificateForHost:
2022-12-05 18:08:01.537 plugin-container[14120:15117895] nil host used in call to allowsSpecificHTTPSCertificateForHost
2022-12-05 18:08:01.537 plugin-container[14120:15117895] nil host used in call to allowsAnyHTTPSCertificateForHost:
Read port: 53194
WebDriver BiDi listening on ws://127.0.0.1:53191
1670234881745	RemoteAgent	WARN	TLS certificate errors will be ignored for this session
console.warn: SearchSettings: "get: No settings file exists, new profile?" (new NotFoundError("Could not open the file at /var/folders/j2/ks22w19x07x0nf1nr6lvv_wh0000gp/T/rust_mozprofileL9U16D/search.json.mozlz4", (void 0)))
DevTools listening on ws://127.0.0.1:53191/devtools/browser/76fd1c07-29c5-48c1-86ff-e6d4a52a7c56
JavaScript error: resource://gre/modules/URIFixup.sys.mjs, line 304: NS_ERROR_FAILURE: Should pass a non-null uri
console.warn: LoginRecipes: "Falling back to a synchronous message for: http://frontend-insurance-platform.turboradio.cn."
1670234891945	Marionette	INFO	Stopped listening on port 53194
1670235403598	geckodriver	INFO	Listening on 127.0.0.1:53391
1670235403603	mozrunner::runner	INFO	Running command: "/Applications/Firefox.app/Contents/MacOS/firefox-bin" "--marionette" "--remote-debugging-port" "53392" "--remote-allow-hosts" "localhost" "-foreground" "-no-remote" "-profile" "/var/folders/j2/ks22w19x07x0nf1nr6lvv_wh0000gp/T/rust_mozprofilegxN0us"
1670235404485	Marionette	INFO	Marionette enabled
2022-12-05 18:16:44.529 plugin-container[14329:15122945] nil host used in call to allowsSpecificHTTPSCertificateForHost
2022-12-05 18:16:44.529 plugin-container[14329:15122945] nil host used in call to allowsAnyHTTPSCertificateForHost:
2022-12-05 18:16:44.563 plugin-container[14329:15122945] nil host used in call to allowsSpecificHTTPSCertificateForHost
2022-12-05 18:16:44.563 plugin-container[14329:15122945] nil host used in call to allowsAnyHTTPSCertificateForHost:
2022-12-05 18:16:44.563 plugin-container[14329:15122947] nil host used in call to allowsSpecificHTTPSCertificateForHost
2022-12-05 18:16:44.563 plugin-container[14329:15122947] nil host used in call to allowsAnyHTTPSCertificateForHost:
1670235404643	Marionette	INFO	Listening on port 53395
Read port: 53395
WebDriver BiDi listening on ws://127.0.0.1:53392
1670235404817	RemoteAgent	WARN	TLS certificate errors will be ignored for this session
console.warn: SearchSettings: "get: No settings file exists, new profile?" (new NotFoundError("Could not open the file at /var/folders/j2/ks22w19x07x0nf1nr6lvv_wh0000gp/T/rust_mozprofilegxN0us/search.json.mozlz4", (void 0)))
DevTools listening on ws://127.0.0.1:53392/devtools/browser/40917fe8-0f38-4eba-9fb9-7241346313f3
JavaScript error: resource://gre/modules/URIFixup.sys.mjs, line 304: NS_ERROR_FAILURE: Should pass a non-null uri
console.warn: LoginRecipes: "Falling back to a synchronous message for: http://frontend-insurance-platform.turboradio.cn."
1670235414823	Marionette	INFO	Stopped listening on port 53395
1670235491234	geckodriver	INFO	Listening on 127.0.0.1:53474
1670235491242	mozrunner::runner	INFO	Running command: "/Applications/Firefox.app/Contents/MacOS/firefox-bin" "--marionette" "--remote-debugging-port" "53475" "--remote-allow-hosts" "localhost" "-foreground" "-no-remote" "-profile" "/var/folders/j2/ks22w19x07x0nf1nr6lvv_wh0000gp/T/rust_mozprofiletoSrZx"
1670235492155	Marionette	INFO	Marionette enabled
2022-12-05 18:18:12.186 plugin-container[14373:15124069] nil host used in call to allowsSpecificHTTPSCertificateForHost
2022-12-05 18:18:12.187 plugin-container[14373:15124069] nil host used in call to allowsAnyHTTPSCertificateForHost:
2022-12-05 18:18:12.251 plugin-container[14373:15124069] nil host used in call to allowsSpecificHTTPSCertificateForHost
2022-12-05 18:18:12.251 plugin-container[14373:15124069] nil host used in call to allowsAnyHTTPSCertificateForHost:
2022-12-05 18:18:12.251 plugin-container[14373:15124073] nil host used in call to allowsSpecificHTTPSCertificateForHost
2022-12-05 18:18:12.251 plugin-container[14373:15124073] nil host used in call to allowsAnyHTTPSCertificateForHost:
1670235492333	Marionette	INFO	Listening on port 53479
Read port: 53479
WebDriver BiDi listening on ws://127.0.0.1:53475
1670235492498	RemoteAgent	WARN	TLS certificate errors will be ignored for this session
console.warn: SearchSettings: "get: No settings file exists, new profile?" (new NotFoundError("Could not open the file at /var/folders/j2/ks22w19x07x0nf1nr6lvv_wh0000gp/T/rust_mozprofiletoSrZx/search.json.mozlz4", (void 0)))
DevTools listening on ws://127.0.0.1:53475/devtools/browser/a5d2d21b-4957-465f-b58d-4e683ac487cd
JavaScript error: resource://gre/modules/URIFixup.sys.mjs, line 304: NS_ERROR_FAILURE: Should pass a non-null uri
console.warn: LoginRecipes: "Falling back to a synchronous message for: http://frontend-insurance-platform.turboradio.cn."
1670235502749	Marionette	INFO	Stopped listening on port 53479
1670235586947	geckodriver	INFO	Listening on 127.0.0.1:53551
1670235586952	mozrunner::runner	INFO	Running command: "/Applications/Firefox.app/Contents/MacOS/firefox-bin" "--marionette" "--remote-debugging-port" "53552" "--remote-allow-hosts" "localhost" "-foreground" "-no-remote" "-profile" "/var/folders/j2/ks22w19x07x0nf1nr6lvv_wh0000gp/T/rust_mozprofileTOT74M"
1670235587716	Marionette	INFO	Marionette enabled
2022-12-05 18:19:47.766 plugin-container[14414:15125181] nil host used in call to allowsSpecificHTTPSCertificateForHost
2022-12-05 18:19:47.766 plugin-container[14414:15125181] nil host used in call to allowsAnyHTTPSCertificateForHost:
1670235587811	Marionette	INFO	Listening on port 53555
2022-12-05 18:19:47.862 plugin-container[14414:15125181] nil host used in call to allowsSpecificHTTPSCertificateForHost
2022-12-05 18:19:47.862 plugin-container[14414:15125181] nil host used in call to allowsAnyHTTPSCertificateForHost:
2022-12-05 18:19:47.863 plugin-container[14414:15125184] nil host used in call to allowsSpecificHTTPSCertificateForHost
2022-12-05 18:19:47.863 plugin-container[14414:15125184] nil host used in call to allowsAnyHTTPSCertificateForHost:
Read port: 53555
WebDriver BiDi listening on ws://127.0.0.1:53552
1670235588066	RemoteAgent	WARN	TLS certificate errors will be ignored for this session
console.warn: SearchSettings: "get: No settings file exists, new profile?" (new NotFoundError("Could not open the file at /var/folders/j2/ks22w19x07x0nf1nr6lvv_wh0000gp/T/rust_mozprofileTOT74M/search.json.mozlz4", (void 0)))
DevTools listening on ws://127.0.0.1:53552/devtools/browser/6eb3ea9e-8cb1-4321-ad2f-69955977ec84
JavaScript error: resource://gre/modules/URIFixup.sys.mjs, line 304: NS_ERROR_FAILURE: Should pass a non-null uri
console.warn: LoginRecipes: "Falling back to a synchronous message for: http://frontend-insurance-platform.turboradio.cn."
1670235598183	Marionette	INFO	Stopped listening on port 53555
