1669976110311	geckodriver	INFO	Listening on 127.0.0.1:61883
1669976110832	mozrunner::runner	INFO	Running command: "/Applications/Firefox.app/Contents/MacOS/firefox-bin" "--marionette" "--remote-debugging-port" "61884" "--remote-allow-hosts" "localhost" "-foreground" "-no-remote" "-profile" "/var/folders/j2/ks22w19x07x0nf1nr6lvv_wh0000gp/T/rust_mozprofiletGjQpy"
1669976111638	Marionette	INFO	Marionette enabled
2022-12-02 18:15:11.678 plugin-container[11015:14818230] nil host used in call to allowsSpecificHTTPSCertificateForHost
2022-12-02 18:15:11.678 plugin-container[11015:14818230] nil host used in call to allowsAnyHTTPSCertificateForHost:
1669976111719	Marionette	INFO	Listening on port 61889
2022-12-02 18:15:11.747 plugin-container[11015:14818230] nil host used in call to allowsSpecificHTTPSCertificateForHost
2022-12-02 18:15:11.747 plugin-container[11015:14818230] nil host used in call to allowsAnyHTTPSCertificateForHost:
2022-12-02 18:15:11.747 plugin-container[11015:14818260] nil host used in call to allowsSpecificHTTPSCertificateForHost
2022-12-02 18:15:11.747 plugin-container[11015:14818260] nil host used in call to allowsAnyHTTPSCertificateForHost:
Read port: 61889
WebDriver BiDi listening on ws://127.0.0.1:61884
1669976111886	RemoteAgent	WARN	TLS certificate errors will be ignored for this session
console.warn: SearchSettings: "get: No settings file exists, new profile?" (new NotFoundError("Could not open the file at /var/folders/j2/ks22w19x07x0nf1nr6lvv_wh0000gp/T/rust_mozprofiletGjQpy/search.json.mozlz4", (void 0)))
DevTools listening on ws://127.0.0.1:61884/devtools/browser/86d3fcac-dcf7-42e5-b417-fec4e5953330
JavaScript error: resource://gre/modules/URIFixup.sys.mjs, line 304: NS_ERROR_FAILURE: Should pass a non-null uri
console.warn: LoginRecipes: "Falling back to a synchronous message for: http://frontend-insurance-platform.turboradio.cn."
1669976121891	Marionette	INFO	Stopped listening on port 61889
console.warn: TopSitesFeed: Failed to fetch data from Contile server: NetworkError when attempting to fetch resource.
1670232581875	geckodriver	INFO	Listening on 127.0.0.1:52120
1670232581881	mozrunner::runner	INFO	Running command: "/Applications/Firefox.app/Contents/MacOS/firefox-bin" "--marionette" "--remote-debugging-port" "52121" "--remote-allow-hosts" "localhost" "-foreground" "-no-remote" "-profile" "/var/folders/j2/ks22w19x07x0nf1nr6lvv_wh0000gp/T/rust_mozprofileuzgtkl"
1670232582788	Marionette	INFO	Marionette enabled
2022-12-05 17:29:42.827 plugin-container[13625:15098069] nil host used in call to allowsSpecificHTTPSCertificateForHost
2022-12-05 17:29:42.827 plugin-container[13625:15098069] nil host used in call to allowsAnyHTTPSCertificateForHost:
2022-12-05 17:29:42.871 plugin-container[13625:15098069] nil host used in call to allowsSpecificHTTPSCertificateForHost
2022-12-05 17:29:42.871 plugin-container[13625:15098069] nil host used in call to allowsAnyHTTPSCertificateForHost:
2022-12-05 17:29:42.871 plugin-container[13625:15098074] nil host used in call to allowsSpecificHTTPSCertificateForHost
2022-12-05 17:29:42.871 plugin-container[13625:15098074] nil host used in call to allowsAnyHTTPSCertificateForHost:
1670232582953	Marionette	INFO	Listening on port 52125
Read port: 52125
WebDriver BiDi listening on ws://127.0.0.1:52121
1670232583087	RemoteAgent	WARN	TLS certificate errors will be ignored for this session
console.warn: SearchSettings: "get: No settings file exists, new profile?" (new NotFoundError("Could not open the file at /var/folders/j2/ks22w19x07x0nf1nr6lvv_wh0000gp/T/rust_mozprofileuzgtkl/search.json.mozlz4", (void 0)))
DevTools listening on ws://127.0.0.1:52121/devtools/browser/41f53e65-6a31-4c42-b5eb-ba6f82aca709
JavaScript error: resource://gre/modules/URIFixup.sys.mjs, line 304: NS_ERROR_FAILURE: Should pass a non-null uri
console.warn: LoginRecipes: "Falling back to a synchronous message for: http://frontend-insurance-platform.turboradio.cn."
1670232594520	Marionette	INFO	Stopped listening on port 52125
1670232671064	geckodriver	INFO	Listening on 127.0.0.1:52186
1670232671576	mozrunner::runner	INFO	Running command: "/Applications/Firefox.app/Contents/MacOS/firefox-bin" "--marionette" "--remote-debugging-port" "52187" "--remote-allow-hosts" "localhost" "-foreground" "-no-remote" "-profile" "/var/folders/j2/ks22w19x07x0nf1nr6lvv_wh0000gp/T/rust_mozprofilecOlGHr"
1670232672508	Marionette	INFO	Marionette enabled
2022-12-05 17:31:12.553 plugin-container[13657:15099096] nil host used in call to allowsSpecificHTTPSCertificateForHost
2022-12-05 17:31:12.554 plugin-container[13657:15099096] nil host used in call to allowsAnyHTTPSCertificateForHost:
1670232672604	Marionette	INFO	Listening on port 52192
Read port: 52192
2022-12-05 17:31:12.650 plugin-container[13657:15099096] nil host used in call to allowsSpecificHTTPSCertificateForHost
2022-12-05 17:31:12.650 plugin-container[13657:15099096] nil host used in call to allowsAnyHTTPSCertificateForHost:
2022-12-05 17:31:12.650 plugin-container[13657:15099094] nil host used in call to allowsSpecificHTTPSCertificateForHost
2022-12-05 17:31:12.650 plugin-container[13657:15099094] nil host used in call to allowsAnyHTTPSCertificateForHost:
WebDriver BiDi listening on ws://127.0.0.1:52187
1670232672763	RemoteAgent	WARN	TLS certificate errors will be ignored for this session
console.warn: SearchSettings: "get: No settings file exists, new profile?" (new NotFoundError("Could not open the file at /var/folders/j2/ks22w19x07x0nf1nr6lvv_wh0000gp/T/rust_mozprofilecOlGHr/search.json.mozlz4", (void 0)))
DevTools listening on ws://127.0.0.1:52187/devtools/browser/9b7b0c7a-7efb-4fca-9eea-b8e88f1f654b
JavaScript error: resource://gre/modules/URIFixup.sys.mjs, line 304: NS_ERROR_FAILURE: Should pass a non-null uri
console.warn: LoginRecipes: "Falling back to a synchronous message for: http://frontend-insurance-platform.turboradio.cn."
1670232682852	Marionette	INFO	Stopped listening on port 52192
1670232703831	geckodriver	INFO	Listening on 127.0.0.1:52239
1670232703837	mozrunner::runner	INFO	Running command: "/Applications/Firefox.app/Contents/MacOS/firefox-bin" "--marionette" "--remote-debugging-port" "52240" "--remote-allow-hosts" "localhost" "-foreground" "-no-remote" "-profile" "/var/folders/j2/ks22w19x07x0nf1nr6lvv_wh0000gp/T/rust_mozprofilecd7pTB"
2022-12-05 17:31:44.565 plugin-container[13673:15099662] nil host used in call to allowsSpecificHTTPSCertificateForHost
2022-12-05 17:31:44.565 plugin-container[13673:15099662] nil host used in call to allowsAnyHTTPSCertificateForHost:
2022-12-05 17:31:44.571 plugin-container[13673:15099662] nil host used in call to allowsSpecificHTTPSCertificateForHost
2022-12-05 17:31:44.571 plugin-container[13673:15099662] nil host used in call to allowsAnyHTTPSCertificateForHost:
2022-12-05 17:31:44.571 plugin-container[13673:15099664] nil host used in call to allowsSpecificHTTPSCertificateForHost
2022-12-05 17:31:44.571 plugin-container[13673:15099664] nil host used in call to allowsAnyHTTPSCertificateForHost:
1670232704707	Marionette	INFO	Marionette enabled
1670232704783	Marionette	INFO	Listening on port 52244
Read port: 52244
WebDriver BiDi listening on ws://127.0.0.1:52240
1670232705004	RemoteAgent	WARN	TLS certificate errors will be ignored for this session
console.warn: SearchSettings: "get: No settings file exists, new profile?" (new NotFoundError("Could not open the file at /var/folders/j2/ks22w19x07x0nf1nr6lvv_wh0000gp/T/rust_mozprofilecd7pTB/search.json.mozlz4", (void 0)))
DevTools listening on ws://127.0.0.1:52240/devtools/browser/8f5a7fe9-96a0-4d91-b190-d6570f14a6a9
JavaScript error: resource://gre/modules/URIFixup.sys.mjs, line 304: NS_ERROR_FAILURE: Should pass a non-null uri
console.warn: LoginRecipes: "Falling back to a synchronous message for: http://frontend-insurance-platform.turboradio.cn."
1670232715201	Marionette	INFO	Stopped listening on port 52244
1670232838770	geckodriver	INFO	Listening on 127.0.0.1:52323
1670232839286	mozrunner::runner	INFO	Running command: "/Applications/Firefox.app/Contents/MacOS/firefox-bin" "--marionette" "--remote-debugging-port" "52324" "--remote-allow-hosts" "localhost" "-foreground" "-no-remote" "-profile" "/var/folders/j2/ks22w19x07x0nf1nr6lvv_wh0000gp/T/rust_mozprofileg9Xlve"
1670232840163	Marionette	INFO	Marionette enabled
2022-12-05 17:34:00.163 plugin-container[13712:15101076] nil host used in call to allowsSpecificHTTPSCertificateForHost
2022-12-05 17:34:00.164 plugin-container[13712:15101076] nil host used in call to allowsAnyHTTPSCertificateForHost:
1670232840247	Marionette	INFO	Listening on port 52329
2022-12-05 17:34:00.278 plugin-container[13712:15101076] nil host used in call to allowsSpecificHTTPSCertificateForHost
2022-12-05 17:34:00.278 plugin-container[13712:15101076] nil host used in call to allowsAnyHTTPSCertificateForHost:
2022-12-05 17:34:00.279 plugin-container[13712:15101079] nil host used in call to allowsSpecificHTTPSCertificateForHost
2022-12-05 17:34:00.279 plugin-container[13712:15101079] nil host used in call to allowsAnyHTTPSCertificateForHost:
Read port: 52329
WebDriver BiDi listening on ws://127.0.0.1:52324
1670232840450	RemoteAgent	WARN	TLS certificate errors will be ignored for this session
console.warn: SearchSettings: "get: No settings file exists, new profile?" (new NotFoundError("Could not open the file at /var/folders/j2/ks22w19x07x0nf1nr6lvv_wh0000gp/T/rust_mozprofileg9Xlve/search.json.mozlz4", (void 0)))
DevTools listening on ws://127.0.0.1:52324/devtools/browser/896ab06d-be80-4894-b979-6626b75fbf1a
JavaScript error: resource://gre/modules/URIFixup.sys.mjs, line 304: NS_ERROR_FAILURE: Should pass a non-null uri
console.warn: LoginRecipes: "Falling back to a synchronous message for: http://frontend-insurance-platform.turboradio.cn."
1670232850662	Marionette	INFO	Stopped listening on port 52329
